2023-01-08 01:06:47.774  INFO 9364 --- [main] c.libanto.bankloan.BankLoanApplication   : Starting BankLoanApplication using Java 11.0.16 on Rafik-PC with PID 9364 (D:\InterraIT\springworkspace\bank-loans\target\classes started by user in D:\InterraIT\springworkspace\bank-loans)
2023-01-08 01:06:47.784  INFO 9364 --- [main] c.libanto.bankloan.BankLoanApplication   : The following 1 profile is active: "prod"
2023-01-08 01:06:47.827  INFO 9364 --- [main] o.s.c.c.c.ConfigServerConfigDataLoader   : Fetching config from server at : http://localhost:8071/
2023-01-08 01:06:47.827  INFO 9364 --- [main] o.s.c.c.c.ConfigServerConfigDataLoader   : Located environment: name=loans, profiles=[prod], label=null, version=ae4bf88078e941fdcc87f1ddf9b47884e0064fdc, state=null
2023-01-08 01:06:48.672  INFO 9364 --- [main] .s.d.r.c.RepositoryConfigurationDelegate : Bootstrapping Spring Data JPA repositories in DEFAULT mode.
2023-01-08 01:06:48.719  INFO 9364 --- [main] .s.d.r.c.RepositoryConfigurationDelegate : Finished Spring Data repository scanning in 37 ms. Found 1 JPA repository interfaces.
2023-01-08 01:06:48.913  INFO 9364 --- [main] o.s.cloud.context.scope.GenericScope     : BeanFactory id=5708f86a-ffbc-33c8-8599-608e26cfaaac
2023-01-08 01:06:49.731  INFO 9364 --- [main] o.s.b.w.embedded.tomcat.TomcatWebServer  : Tomcat initialized with port(s): 8090 (http)
2023-01-08 01:06:49.741  INFO 9364 --- [main] o.apache.catalina.core.StandardService   : Starting service [Tomcat]
2023-01-08 01:06:49.743  INFO 9364 --- [main] org.apache.catalina.core.StandardEngine  : Starting Servlet engine: [Apache Tomcat/9.0.70]
2023-01-08 01:06:49.900  INFO 9364 --- [main] o.a.c.c.C.[Tomcat].[localhost].[/]       : Initializing Spring embedded WebApplicationContext
2023-01-08 01:06:49.900  INFO 9364 --- [main] w.s.c.ServletWebServerApplicationContext : Root WebApplicationContext: initialization completed in 2071 ms
2023-01-08 01:06:50.064  INFO 9364 --- [main] com.zaxxer.hikari.HikariDataSource       : HikariPool-1 - Starting...
2023-01-08 01:06:50.358  INFO 9364 --- [main] com.zaxxer.hikari.HikariDataSource       : HikariPool-1 - Start completed.
2023-01-08 01:06:50.388  INFO 9364 --- [main] o.s.b.a.h2.H2ConsoleAutoConfiguration    : H2 console available at '/h2-console'. Database available at 'jdbc:h2:mem:testdb'
2023-01-08 01:06:50.600  INFO 9364 --- [main] o.hibernate.jpa.internal.util.LogHelper  : HHH000204: Processing PersistenceUnitInfo [name: default]
2023-01-08 01:06:50.641  INFO 9364 --- [main] org.hibernate.Version                    : HHH000412: Hibernate ORM core version 5.6.14.Final
2023-01-08 01:06:50.765  INFO 9364 --- [main] o.hibernate.annotations.common.Version   : HCANN000001: Hibernate Commons Annotations {5.1.2.Final}
2023-01-08 01:06:50.857  INFO 9364 --- [main] org.hibernate.dialect.Dialect            : HHH000400: Using dialect: org.hibernate.dialect.H2Dialect
2023-01-08 01:06:51.338  INFO 9364 --- [main] o.h.e.t.j.p.i.JtaPlatformInitiator       : HHH000490: Using JtaPlatform implementation: [org.hibernate.engine.transaction.jta.platform.internal.NoJtaPlatform]
2023-01-08 01:06:51.346  INFO 9364 --- [main] j.LocalContainerEntityManagerFactoryBean : Initialized JPA EntityManagerFactory for persistence unit 'default'
2023-01-08 01:06:51.729  WARN 9364 --- [main] JpaBaseConfiguration$JpaWebConfiguration : spring.jpa.open-in-view is enabled by default. Therefore, database queries may be performed during view rendering. Explicitly configure spring.jpa.open-in-view to disable this warning
2023-01-08 01:06:52.772  INFO 9364 --- [main] o.s.b.a.e.web.EndpointLinksResolver      : Exposing 1 endpoint(s) beneath base path '/actuator'
2023-01-08 01:06:52.844  INFO 9364 --- [main] o.s.b.w.embedded.tomcat.TomcatWebServer  : Tomcat started on port(s): 8090 (http) with context path ''
2023-01-08 01:06:53.491  INFO 9364 --- [main] c.libanto.bankloan.BankLoanApplication   : Started BankLoanApplication in 8.356 seconds (JVM running for 8.961)
2023-01-08 01:08:10.682  INFO 17012 --- [main] c.libanto.bankloan.BankLoanApplication   : Starting BankLoanApplication using Java 11.0.16 on Rafik-PC with PID 17012 (D:\InterraIT\springworkspace\bank-loans\target\classes started by user in D:\InterraIT\springworkspace\bank-loans)
2023-01-08 01:08:10.685  INFO 17012 --- [main] c.libanto.bankloan.BankLoanApplication   : The following 1 profile is active: "prod"
2023-01-08 01:08:10.732  INFO 17012 --- [main] o.s.c.c.c.ConfigServerConfigDataLoader   : Fetching config from server at : http://localhost:8071/
2023-01-08 01:08:10.734  INFO 17012 --- [main] o.s.c.c.c.ConfigServerConfigDataLoader   : Located environment: name=loans, profiles=[prod], label=null, version=ae4bf88078e941fdcc87f1ddf9b47884e0064fdc, state=null
2023-01-08 01:08:11.529  INFO 17012 --- [main] .s.d.r.c.RepositoryConfigurationDelegate : Bootstrapping Spring Data JPA repositories in DEFAULT mode.
2023-01-08 01:08:11.572  INFO 17012 --- [main] .s.d.r.c.RepositoryConfigurationDelegate : Finished Spring Data repository scanning in 34 ms. Found 1 JPA repository interfaces.
2023-01-08 01:08:11.753  INFO 17012 --- [main] o.s.cloud.context.scope.GenericScope     : BeanFactory id=5708f86a-ffbc-33c8-8599-608e26cfaaac
2023-01-08 01:08:12.571  INFO 17012 --- [main] o.s.b.w.embedded.tomcat.TomcatWebServer  : Tomcat initialized with port(s): 8090 (http)
2023-01-08 01:08:12.581  INFO 17012 --- [main] o.apache.catalina.core.StandardService   : Starting service [Tomcat]
2023-01-08 01:08:12.582  INFO 17012 --- [main] org.apache.catalina.core.StandardEngine  : Starting Servlet engine: [Apache Tomcat/9.0.70]
2023-01-08 01:08:12.731  INFO 17012 --- [main] o.a.c.c.C.[Tomcat].[localhost].[/]       : Initializing Spring embedded WebApplicationContext
2023-01-08 01:08:12.732  INFO 17012 --- [main] w.s.c.ServletWebServerApplicationContext : Root WebApplicationContext: initialization completed in 1995 ms
2023-01-08 01:08:12.879  INFO 17012 --- [main] com.zaxxer.hikari.HikariDataSource       : HikariPool-1 - Starting...
2023-01-08 01:08:12.996  INFO 17012 --- [main] com.zaxxer.hikari.HikariDataSource       : HikariPool-1 - Start completed.
2023-01-08 01:08:13.009  INFO 17012 --- [main] o.s.b.a.h2.H2ConsoleAutoConfiguration    : H2 console available at '/h2-console'. Database available at 'jdbc:h2:mem:testdb'
2023-01-08 01:08:13.189  INFO 17012 --- [main] o.hibernate.jpa.internal.util.LogHelper  : HHH000204: Processing PersistenceUnitInfo [name: default]
2023-01-08 01:08:13.227  INFO 17012 --- [main] org.hibernate.Version                    : HHH000412: Hibernate ORM core version 5.6.14.Final
2023-01-08 01:08:13.343  INFO 17012 --- [main] o.hibernate.annotations.common.Version   : HCANN000001: Hibernate Commons Annotations {5.1.2.Final}
2023-01-08 01:08:13.429  INFO 17012 --- [main] org.hibernate.dialect.Dialect            : HHH000400: Using dialect: org.hibernate.dialect.H2Dialect
2023-01-08 01:08:13.880  INFO 17012 --- [main] o.h.e.t.j.p.i.JtaPlatformInitiator       : HHH000490: Using JtaPlatform implementation: [org.hibernate.engine.transaction.jta.platform.internal.NoJtaPlatform]
2023-01-08 01:08:13.888  INFO 17012 --- [main] j.LocalContainerEntityManagerFactoryBean : Initialized JPA EntityManagerFactory for persistence unit 'default'
2023-01-08 01:08:14.220  WARN 17012 --- [main] JpaBaseConfiguration$JpaWebConfiguration : spring.jpa.open-in-view is enabled by default. Therefore, database queries may be performed during view rendering. Explicitly configure spring.jpa.open-in-view to disable this warning
2023-01-08 01:08:15.186  INFO 17012 --- [main] o.s.b.a.e.web.EndpointLinksResolver      : Exposing 1 endpoint(s) beneath base path '/actuator'
2023-01-08 01:08:15.236  INFO 17012 --- [main] o.s.b.w.embedded.tomcat.TomcatWebServer  : Tomcat started on port(s): 8090 (http) with context path ''
2023-01-08 01:08:15.823  INFO 17012 --- [main] c.libanto.bankloan.BankLoanApplication   : Started BankLoanApplication in 7.554 seconds (JVM running for 8.035)
2023-01-08 01:08:26.435  INFO 17012 --- [http-nio-8090-exec-1] o.a.c.c.C.[Tomcat].[localhost].[/]       : Initializing Spring DispatcherServlet 'dispatcherServlet'
2023-01-08 01:08:26.436  INFO 17012 --- [http-nio-8090-exec-1] o.s.web.servlet.DispatcherServlet        : Initializing Servlet 'dispatcherServlet'
2023-01-08 01:08:26.438  INFO 17012 --- [http-nio-8090-exec-1] o.s.web.servlet.DispatcherServlet        : Completed initialization in 2 ms
2023-01-08 01:40:48.689  INFO 11404 --- [main] c.l.bankloan.BankLoanApplicationTests    : Starting BankLoanApplicationTests using Java 11.0.16 on Rafik-PC with PID 11404 (started by user in D:\InterraIT\springworkspace\bank-loans)
2023-01-08 01:40:48.692  INFO 11404 --- [main] c.l.bankloan.BankLoanApplicationTests    : The following 1 profile is active: "prod"
2023-01-08 01:40:48.738  INFO 11404 --- [main] o.s.c.c.c.ConfigServerConfigDataLoader   : Fetching config from server at : http://localhost:8071/
2023-01-08 01:40:48.739  INFO 11404 --- [main] o.s.c.c.c.ConfigServerConfigDataLoader   : Connect Timeout Exception on Url - http://localhost:8071/. Will be trying the next url if available
2023-01-08 01:40:48.739  WARN 11404 --- [main] o.s.c.c.c.ConfigServerConfigDataLoader   : Could not locate PropertySource ([ConfigServerConfigDataResource@421a4ee1 uris = array<String>['http://localhost:8071/'], optional = true, profiles = list['prod']]): I/O error on GET request for "http://localhost:8071/loans/prod": Connection refused: connect; nested exception is java.net.ConnectException: Connection refused: connect
2023-01-08 01:40:50.076  INFO 11404 --- [main] .s.d.r.c.RepositoryConfigurationDelegate : Bootstrapping Spring Data JPA repositories in DEFAULT mode.
2023-01-08 01:40:50.159  INFO 11404 --- [main] .s.d.r.c.RepositoryConfigurationDelegate : Finished Spring Data repository scanning in 71 ms. Found 1 JPA repository interfaces.
2023-01-08 01:40:50.487  INFO 11404 --- [main] o.s.cloud.context.scope.GenericScope     : BeanFactory id=890a338b-9de1-38af-bdfc-f6b43f4aa8e1
2023-01-08 01:40:50.946  INFO 11404 --- [main] com.zaxxer.hikari.HikariDataSource       : HikariPool-1 - Starting...
2023-01-08 01:40:51.226  INFO 11404 --- [main] com.zaxxer.hikari.HikariDataSource       : HikariPool-1 - Start completed.
2023-01-08 01:40:51.469  INFO 11404 --- [main] o.hibernate.jpa.internal.util.LogHelper  : HHH000204: Processing PersistenceUnitInfo [name: default]
2023-01-08 01:40:51.541  INFO 11404 --- [main] org.hibernate.Version                    : HHH000412: Hibernate ORM core version 5.6.14.Final
2023-01-08 01:40:51.771  INFO 11404 --- [main] o.hibernate.annotations.common.Version   : HCANN000001: Hibernate Commons Annotations {5.1.2.Final}
2023-01-08 01:40:52.386  INFO 11404 --- [main] org.hibernate.dialect.Dialect            : HHH000400: Using dialect: org.hibernate.dialect.H2Dialect
2023-01-08 01:40:53.141  INFO 11404 --- [main] o.h.e.t.j.p.i.JtaPlatformInitiator       : HHH000490: Using JtaPlatform implementation: [org.hibernate.engine.transaction.jta.platform.internal.NoJtaPlatform]
2023-01-08 01:40:53.153  INFO 11404 --- [main] j.LocalContainerEntityManagerFactoryBean : Initialized JPA EntityManagerFactory for persistence unit 'default'
2023-01-08 01:40:53.963  WARN 11404 --- [main] JpaBaseConfiguration$JpaWebConfiguration : spring.jpa.open-in-view is enabled by default. Therefore, database queries may be performed during view rendering. Explicitly configure spring.jpa.open-in-view to disable this warning
2023-01-08 01:40:54.486  INFO 11404 --- [main] o.s.b.a.h2.H2ConsoleAutoConfiguration    : H2 console available at '/h2-console'. Database available at 'jdbc:h2:mem:testdb'
2023-01-08 01:40:55.902  INFO 11404 --- [main] o.s.b.a.e.web.EndpointLinksResolver      : Exposing 1 endpoint(s) beneath base path '/actuator'
2023-01-08 01:40:55.973  INFO 11404 --- [main] c.l.bankloan.BankLoanApplicationTests    : Started BankLoanApplicationTests in 8.832 seconds (JVM running for 10.335)
2023-01-08 01:40:56.278  INFO 11404 --- [SpringApplicationShutdownHook] j.LocalContainerEntityManagerFactoryBean : Closing JPA EntityManagerFactory for persistence unit 'default'
2023-01-08 01:40:56.283  INFO 11404 --- [SpringApplicationShutdownHook] com.zaxxer.hikari.HikariDataSource       : HikariPool-1 - Shutdown initiated...
2023-01-08 01:40:56.290  INFO 11404 --- [SpringApplicationShutdownHook] com.zaxxer.hikari.HikariDataSource       : HikariPool-1 - Shutdown completed.
