2023-01-08 01:22:50.064  INFO 14492 --- [main] c.l.bankcards.BankCardsApplication       : Starting BankCardsApplication using Java 11.0.16 on Rafik-PC with PID 14492 (D:\InterraIT\springworkspace\bank-cards\target\classes started by user in D:\InterraIT\springworkspace\bank-cards)
2023-01-08 01:22:50.071  INFO 14492 --- [main] c.l.bankcards.BankCardsApplication       : The following 1 profile is active: "prod"
2023-01-08 01:22:50.109  INFO 14492 --- [main] o.s.c.c.c.ConfigServerConfigDataLoader   : Fetching config from server at : http://localhost:8071/
2023-01-08 01:22:50.110  INFO 14492 --- [main] o.s.c.c.c.ConfigServerConfigDataLoader   : Located environment: name=cards, profiles=[prod], label=null, version=ae4bf88078e941fdcc87f1ddf9b47884e0064fdc, state=null
2023-01-08 01:22:50.910  INFO 14492 --- [main] .s.d.r.c.RepositoryConfigurationDelegate : Bootstrapping Spring Data JPA repositories in DEFAULT mode.
2023-01-08 01:22:50.962  INFO 14492 --- [main] .s.d.r.c.RepositoryConfigurationDelegate : Finished Spring Data repository scanning in 42 ms. Found 1 JPA repository interfaces.
2023-01-08 01:22:51.156  INFO 14492 --- [main] o.s.cloud.context.scope.GenericScope     : BeanFactory id=c33b2328-4115-32a9-98ce-53a72842806d
2023-01-08 01:22:52.005  INFO 14492 --- [main] o.s.b.w.embedded.tomcat.TomcatWebServer  : Tomcat initialized with port(s): 9090 (http)
2023-01-08 01:22:52.015  INFO 14492 --- [main] o.apache.catalina.core.StandardService   : Starting service [Tomcat]
2023-01-08 01:22:52.016  INFO 14492 --- [main] org.apache.catalina.core.StandardEngine  : Starting Servlet engine: [Apache Tomcat/9.0.70]
2023-01-08 01:22:52.172  INFO 14492 --- [main] o.a.c.c.C.[Tomcat].[localhost].[/]       : Initializing Spring embedded WebApplicationContext
2023-01-08 01:22:52.172  INFO 14492 --- [main] w.s.c.ServletWebServerApplicationContext : Root WebApplicationContext: initialization completed in 2060 ms
2023-01-08 01:22:52.317  INFO 14492 --- [main] com.zaxxer.hikari.HikariDataSource       : HikariPool-1 - Starting...
2023-01-08 01:22:52.433  INFO 14492 --- [main] com.zaxxer.hikari.HikariDataSource       : HikariPool-1 - Start completed.
2023-01-08 01:22:52.446  INFO 14492 --- [main] o.s.b.a.h2.H2ConsoleAutoConfiguration    : H2 console available at '/h2-console'. Database available at 'jdbc:h2:mem:testdb'
2023-01-08 01:22:52.632  INFO 14492 --- [main] o.hibernate.jpa.internal.util.LogHelper  : HHH000204: Processing PersistenceUnitInfo [name: default]
2023-01-08 01:22:52.679  INFO 14492 --- [main] org.hibernate.Version                    : HHH000412: Hibernate ORM core version 5.6.14.Final
2023-01-08 01:22:52.805  INFO 14492 --- [main] o.hibernate.annotations.common.Version   : HCANN000001: Hibernate Commons Annotations {5.1.2.Final}
2023-01-08 01:22:52.901  INFO 14492 --- [main] org.hibernate.dialect.Dialect            : HHH000400: Using dialect: org.hibernate.dialect.H2Dialect
2023-01-08 01:22:53.465  INFO 14492 --- [main] o.h.e.t.j.p.i.JtaPlatformInitiator       : HHH000490: Using JtaPlatform implementation: [org.hibernate.engine.transaction.jta.platform.internal.NoJtaPlatform]
2023-01-08 01:22:53.474  INFO 14492 --- [main] j.LocalContainerEntityManagerFactoryBean : Initialized JPA EntityManagerFactory for persistence unit 'default'
2023-01-08 01:22:53.803  WARN 14492 --- [main] JpaBaseConfiguration$JpaWebConfiguration : spring.jpa.open-in-view is enabled by default. Therefore, database queries may be performed during view rendering. Explicitly configure spring.jpa.open-in-view to disable this warning
2023-01-08 01:22:54.951  INFO 14492 --- [main] o.s.b.a.e.web.EndpointLinksResolver      : Exposing 1 endpoint(s) beneath base path '/actuator'
2023-01-08 01:22:55.005  INFO 14492 --- [main] o.s.b.w.embedded.tomcat.TomcatWebServer  : Tomcat started on port(s): 9090 (http) with context path ''
2023-01-08 01:22:55.626  INFO 14492 --- [main] c.l.bankcards.BankCardsApplication       : Started BankCardsApplication in 8.064 seconds (JVM running for 8.637)
2023-01-08 01:23:28.279  INFO 14492 --- [http-nio-9090-exec-2] o.a.c.c.C.[Tomcat].[localhost].[/]       : Initializing Spring DispatcherServlet 'dispatcherServlet'
2023-01-08 01:23:28.280  INFO 14492 --- [http-nio-9090-exec-2] o.s.web.servlet.DispatcherServlet        : Initializing Servlet 'dispatcherServlet'
2023-01-08 01:23:28.282  INFO 14492 --- [http-nio-9090-exec-2] o.s.web.servlet.DispatcherServlet        : Completed initialization in 2 ms
2023-01-08 01:46:31.168  INFO 192 --- [main] c.l.bankcards.BankCardsApplicationTests  : Starting BankCardsApplicationTests using Java 11.0.16 on Rafik-PC with PID 192 (started by user in D:\InterraIT\springworkspace\bank-cards)
2023-01-08 01:46:31.210  INFO 192 --- [main] c.l.bankcards.BankCardsApplicationTests  : The following 1 profile is active: "prod"
2023-01-08 01:46:31.338  INFO 192 --- [main] o.s.c.c.c.ConfigServerConfigDataLoader   : Fetching config from server at : http://localhost:8071/
2023-01-08 01:46:31.338  INFO 192 --- [main] o.s.c.c.c.ConfigServerConfigDataLoader   : Connect Timeout Exception on Url - http://localhost:8071/. Will be trying the next url if available
2023-01-08 01:46:31.338  WARN 192 --- [main] o.s.c.c.c.ConfigServerConfigDataLoader   : Could not locate PropertySource ([ConfigServerConfigDataResource@59532566 uris = array<String>['http://localhost:8071/'], optional = true, profiles = list['prod']]): I/O error on GET request for "http://localhost:8071/cards/prod": Connection refused: connect; nested exception is java.net.ConnectException: Connection refused: connect
2023-01-08 01:46:36.651  INFO 192 --- [main] .s.d.r.c.RepositoryConfigurationDelegate : Bootstrapping Spring Data JPA repositories in DEFAULT mode.
2023-01-08 01:46:36.890  INFO 192 --- [main] .s.d.r.c.RepositoryConfigurationDelegate : Finished Spring Data repository scanning in 178 ms. Found 1 JPA repository interfaces.
2023-01-08 01:46:37.468  INFO 192 --- [main] o.s.cloud.context.scope.GenericScope     : BeanFactory id=3c1b5f80-a003-3d20-bd2c-3a5545f166e9
2023-01-08 01:46:39.001  INFO 192 --- [main] com.zaxxer.hikari.HikariDataSource       : HikariPool-1 - Starting...
2023-01-08 01:46:40.254  INFO 192 --- [main] com.zaxxer.hikari.HikariDataSource       : HikariPool-1 - Start completed.
2023-01-08 01:46:40.868  INFO 192 --- [main] o.hibernate.jpa.internal.util.LogHelper  : HHH000204: Processing PersistenceUnitInfo [name: default]
2023-01-08 01:46:41.172  INFO 192 --- [main] org.hibernate.Version                    : HHH000412: Hibernate ORM core version 5.6.14.Final
2023-01-08 01:46:41.652  INFO 192 --- [main] o.hibernate.annotations.common.Version   : HCANN000001: Hibernate Commons Annotations {5.1.2.Final}
2023-01-08 01:46:42.566  INFO 192 --- [main] org.hibernate.dialect.Dialect            : HHH000400: Using dialect: org.hibernate.dialect.H2Dialect
2023-01-08 01:46:44.249  INFO 192 --- [main] o.h.e.t.j.p.i.JtaPlatformInitiator       : HHH000490: Using JtaPlatform implementation: [org.hibernate.engine.transaction.jta.platform.internal.NoJtaPlatform]
2023-01-08 01:46:44.260  INFO 192 --- [main] j.LocalContainerEntityManagerFactoryBean : Initialized JPA EntityManagerFactory for persistence unit 'default'
2023-01-08 01:46:45.733  WARN 192 --- [main] JpaBaseConfiguration$JpaWebConfiguration : spring.jpa.open-in-view is enabled by default. Therefore, database queries may be performed during view rendering. Explicitly configure spring.jpa.open-in-view to disable this warning
2023-01-08 01:46:46.964  INFO 192 --- [main] o.s.b.a.h2.H2ConsoleAutoConfiguration    : H2 console available at '/h2-console'. Database available at 'jdbc:h2:mem:testdb'
2023-01-08 01:46:48.759  INFO 192 --- [main] o.s.b.a.e.web.EndpointLinksResolver      : Exposing 1 endpoint(s) beneath base path '/actuator'
2023-01-08 01:46:48.851  INFO 192 --- [main] c.l.bankcards.BankCardsApplicationTests  : Started BankCardsApplicationTests in 19.8 seconds (JVM running for 27.131)
2023-01-08 01:46:49.804  INFO 192 --- [SpringApplicationShutdownHook] j.LocalContainerEntityManagerFactoryBean : Closing JPA EntityManagerFactory for persistence unit 'default'
2023-01-08 01:46:49.807  INFO 192 --- [SpringApplicationShutdownHook] com.zaxxer.hikari.HikariDataSource       : HikariPool-1 - Shutdown initiated...
2023-01-08 01:46:49.812  INFO 192 --- [SpringApplicationShutdownHook] com.zaxxer.hikari.HikariDataSource       : HikariPool-1 - Shutdown completed.
