2023-01-08 00:57:01.832  INFO 14560 --- [main] c.l.n.b.BankAccountsApplication          : Starting BankAccountsApplication using Java 11.0.16 on Rafik-PC with PID 14560 (D:\InterraIT\springworkspace\bank-accounts\target\classes started by user in D:\InterraIT\springworkspace\bank-accounts)
2023-01-08 00:57:02.008  INFO 14560 --- [main] c.l.n.b.BankAccountsApplication          : The following 1 profile is active: "prod"
2023-01-08 00:57:02.080  INFO 14560 --- [main] o.s.c.c.c.ConfigServerConfigDataLoader   : Fetching config from server at : http://localhost:8071/
2023-01-08 00:57:02.080  INFO 14560 --- [main] o.s.c.c.c.ConfigServerConfigDataLoader   : Located environment: name=accounts, profiles=[prod], label=null, version=ae4bf88078e941fdcc87f1ddf9b47884e0064fdc, state=null
2023-01-08 00:57:04.418  INFO 14560 --- [main] .s.d.r.c.RepositoryConfigurationDelegate : Bootstrapping Spring Data JPA repositories in DEFAULT mode.
2023-01-08 00:57:04.655  INFO 14560 --- [main] .s.d.r.c.RepositoryConfigurationDelegate : Finished Spring Data repository scanning in 78 ms. Found 1 JPA repository interfaces.
2023-01-08 00:57:04.950  INFO 14560 --- [main] o.s.cloud.context.scope.GenericScope     : BeanFactory id=97e28739-f3ff-30db-8de6-37fb193185d2
2023-01-08 00:57:07.356  INFO 14560 --- [main] o.s.b.w.embedded.tomcat.TomcatWebServer  : Tomcat initialized with port(s): 8080 (http)
2023-01-08 00:57:07.386  INFO 14560 --- [main] o.apache.catalina.core.StandardService   : Starting service [Tomcat]
2023-01-08 00:57:07.386  INFO 14560 --- [main] org.apache.catalina.core.StandardEngine  : Starting Servlet engine: [Apache Tomcat/9.0.70]
2023-01-08 00:57:07.652  INFO 14560 --- [main] o.a.c.c.C.[Tomcat].[localhost].[/]       : Initializing Spring embedded WebApplicationContext
2023-01-08 00:57:07.653  INFO 14560 --- [main] w.s.c.ServletWebServerApplicationContext : Root WebApplicationContext: initialization completed in 5547 ms
2023-01-08 00:57:07.931  INFO 14560 --- [main] com.zaxxer.hikari.HikariDataSource       : HikariPool-1 - Starting...
2023-01-08 00:57:08.631  INFO 14560 --- [main] com.zaxxer.hikari.HikariDataSource       : HikariPool-1 - Start completed.
2023-01-08 00:57:08.657  INFO 14560 --- [main] o.s.b.a.h2.H2ConsoleAutoConfiguration    : H2 console available at '/h2-console'. Database available at 'jdbc:h2:mem:testdb'
2023-01-08 00:57:09.113  INFO 14560 --- [main] o.hibernate.jpa.internal.util.LogHelper  : HHH000204: Processing PersistenceUnitInfo [name: default]
2023-01-08 00:57:09.394  INFO 14560 --- [main] org.hibernate.Version                    : HHH000412: Hibernate ORM core version 5.6.14.Final
2023-01-08 00:57:09.625  INFO 14560 --- [main] o.hibernate.annotations.common.Version   : HCANN000001: Hibernate Commons Annotations {5.1.2.Final}
2023-01-08 00:57:09.899  INFO 14560 --- [main] org.hibernate.dialect.Dialect            : HHH000400: Using dialect: org.hibernate.dialect.H2Dialect
2023-01-08 00:57:10.736  INFO 14560 --- [main] o.h.e.t.j.p.i.JtaPlatformInitiator       : HHH000490: Using JtaPlatform implementation: [org.hibernate.engine.transaction.jta.platform.internal.NoJtaPlatform]
2023-01-08 00:57:10.745  INFO 14560 --- [main] j.LocalContainerEntityManagerFactoryBean : Initialized JPA EntityManagerFactory for persistence unit 'default'
2023-01-08 00:57:12.148  WARN 14560 --- [main] JpaBaseConfiguration$JpaWebConfiguration : spring.jpa.open-in-view is enabled by default. Therefore, database queries may be performed during view rendering. Explicitly configure spring.jpa.open-in-view to disable this warning
2023-01-08 00:57:13.676  INFO 14560 --- [main] o.s.b.a.e.web.EndpointLinksResolver      : Exposing 1 endpoint(s) beneath base path '/actuator'
2023-01-08 00:57:13.755  INFO 14560 --- [main] o.s.b.w.embedded.tomcat.TomcatWebServer  : Tomcat started on port(s): 8080 (http) with context path ''
2023-01-08 00:57:14.395  INFO 14560 --- [main] c.l.n.b.BankAccountsApplication          : Started BankAccountsApplication in 17.414 seconds (JVM running for 18.175)
2023-01-08 00:58:18.590  INFO 14560 --- [http-nio-8080-exec-1] o.a.c.c.C.[Tomcat].[localhost].[/]       : Initializing Spring DispatcherServlet 'dispatcherServlet'
2023-01-08 00:58:18.591  INFO 14560 --- [http-nio-8080-exec-1] o.s.web.servlet.DispatcherServlet        : Initializing Servlet 'dispatcherServlet'
2023-01-08 00:58:18.593  INFO 14560 --- [http-nio-8080-exec-1] o.s.web.servlet.DispatcherServlet        : Completed initialization in 1 ms
2023-01-08 01:31:39.521  INFO 11716 --- [main] c.l.n.b.BankAccountsApplicationTests     : Starting BankAccountsApplicationTests using Java 11.0.16 on Rafik-PC with PID 11716 (started by user in D:\InterraIT\springworkspace\bank-accounts)
2023-01-08 01:31:39.522  INFO 11716 --- [main] c.l.n.b.BankAccountsApplicationTests     : The following 1 profile is active: "prod"
2023-01-08 01:31:39.576  INFO 11716 --- [main] o.s.c.c.c.ConfigServerConfigDataLoader   : Fetching config from server at : http://localhost:8071/
2023-01-08 01:31:39.576  INFO 11716 --- [main] o.s.c.c.c.ConfigServerConfigDataLoader   : Connect Timeout Exception on Url - http://localhost:8071/. Will be trying the next url if available
2023-01-08 01:31:39.576  WARN 11716 --- [main] o.s.c.c.c.ConfigServerConfigDataLoader   : Could not locate PropertySource ([ConfigServerConfigDataResource@6441c486 uris = array<String>['http://localhost:8071/'], optional = true, profiles = list['prod']]): I/O error on GET request for "http://localhost:8071/accounts/prod": Connection refused: connect; nested exception is java.net.ConnectException: Connection refused: connect
2023-01-08 01:31:40.975  INFO 11716 --- [main] .s.d.r.c.RepositoryConfigurationDelegate : Bootstrapping Spring Data JPA repositories in DEFAULT mode.
2023-01-08 01:31:41.068  INFO 11716 --- [main] .s.d.r.c.RepositoryConfigurationDelegate : Finished Spring Data repository scanning in 76 ms. Found 1 JPA repository interfaces.
2023-01-08 01:31:41.354  INFO 11716 --- [main] o.s.cloud.context.scope.GenericScope     : BeanFactory id=ed75d402-4da5-3abb-b890-0bde264b6649
2023-01-08 01:31:41.813  INFO 11716 --- [main] com.zaxxer.hikari.HikariDataSource       : HikariPool-1 - Starting...
2023-01-08 01:31:42.318  INFO 11716 --- [main] com.zaxxer.hikari.HikariDataSource       : HikariPool-1 - Start completed.
2023-01-08 01:31:42.598  INFO 11716 --- [main] o.hibernate.jpa.internal.util.LogHelper  : HHH000204: Processing PersistenceUnitInfo [name: default]
2023-01-08 01:31:42.685  INFO 11716 --- [main] org.hibernate.Version                    : HHH000412: Hibernate ORM core version 5.6.14.Final
2023-01-08 01:31:42.923  INFO 11716 --- [main] o.hibernate.annotations.common.Version   : HCANN000001: Hibernate Commons Annotations {5.1.2.Final}
2023-01-08 01:31:43.634  INFO 11716 --- [main] org.hibernate.dialect.Dialect            : HHH000400: Using dialect: org.hibernate.dialect.H2Dialect
2023-01-08 01:31:44.575  INFO 11716 --- [main] o.h.e.t.j.p.i.JtaPlatformInitiator       : HHH000490: Using JtaPlatform implementation: [org.hibernate.engine.transaction.jta.platform.internal.NoJtaPlatform]
2023-01-08 01:31:44.586  INFO 11716 --- [main] j.LocalContainerEntityManagerFactoryBean : Initialized JPA EntityManagerFactory for persistence unit 'default'
2023-01-08 01:31:45.514  WARN 11716 --- [main] JpaBaseConfiguration$JpaWebConfiguration : spring.jpa.open-in-view is enabled by default. Therefore, database queries may be performed during view rendering. Explicitly configure spring.jpa.open-in-view to disable this warning
2023-01-08 01:31:46.074  INFO 11716 --- [main] o.s.b.a.h2.H2ConsoleAutoConfiguration    : H2 console available at '/h2-console'. Database available at 'jdbc:h2:mem:testdb'
2023-01-08 01:31:47.811  INFO 11716 --- [main] o.s.b.a.e.web.EndpointLinksResolver      : Exposing 1 endpoint(s) beneath base path '/actuator'
2023-01-08 01:31:47.888  INFO 11716 --- [main] c.l.n.b.BankAccountsApplicationTests     : Started BankAccountsApplicationTests in 11.457 seconds (JVM running for 13.795)
2023-01-08 01:31:48.488  INFO 11716 --- [SpringApplicationShutdownHook] j.LocalContainerEntityManagerFactoryBean : Closing JPA EntityManagerFactory for persistence unit 'default'
2023-01-08 01:31:48.494  INFO 11716 --- [SpringApplicationShutdownHook] com.zaxxer.hikari.HikariDataSource       : HikariPool-1 - Shutdown initiated...
2023-01-08 01:31:48.501  INFO 11716 --- [SpringApplicationShutdownHook] com.zaxxer.hikari.HikariDataSource       : HikariPool-1 - Shutdown completed.
